<?xml version="1.0" encoding="UTF-8"?>
<!-- Generated by org.testng.reporters.JUnitReportReporter -->
<testsuite hostname="DESKTOP-1KEC5HB" name="gbckTest.caigouTest" tests="1" failures="0" timestamp="20 Sep 2018 02:42:27 GMT" time="30.498" errors="0">
  <testcase name="test" time="30.498" classname="gbckTest.caigouTest"/>
</testsuite> <!-- gbckTest.caigouTest -->
