<?xml version="1.0" encoding="UTF-8"?>
<!-- Generated by org.testng.reporters.JUnitReportReporter -->
<testsuite hostname="DESKTOP-1KEC5HB" name="gbckTest.sizeyouhuiquanTest" tests="1" failures="0" timestamp="20 Sep 2018 02:42:27 GMT" time="37.627" errors="0">
  <testcase name="tianjiashangpin" time="37.627" classname="gbckTest.sizeyouhuiquanTest"/>
</testsuite> <!-- gbckTest.sizeyouhuiquanTest -->
