<?xml version="1.0" encoding="UTF-8"?>
<!-- Generated by org.testng.reporters.JUnitReportReporter -->
<testsuite hostname="DESKTOP-1KEC5HB" name="gbckTest.shanghuaddTest" tests="1" failures="0" timestamp="20 Sep 2018 02:42:27 GMT" time="44.610" errors="0">
  <testcase name="shanghuTest" time="44.610" classname="gbckTest.shanghuaddTest"/>
</testsuite> <!-- gbckTest.shanghuaddTest -->
