<?xml version="1.0" encoding="UTF-8"?>
<!-- Generated by org.testng.reporters.JUnitReportReporter -->
<testsuite hostname="DESKTOP-1KEC5HB" name="gbckTest.sizeyouhuiquanTest" tests="1" failures="0" timestamp="17 Sep 2018 08:39:08 GMT" time="36.152" errors="0">
  <testcase name="tianjiashangpin" time="36.152" classname="gbckTest.sizeyouhuiquanTest"/>
</testsuite> <!-- gbckTest.sizeyouhuiquanTest -->
