<?xml version="1.0" encoding="UTF-8"?>
<!-- Generated by org.testng.reporters.JUnitReportReporter -->
<testsuite hostname="DESKTOP-1KEC5HB" name="caiwuguanliModelTest.xiaoshoulirunbaobiaoTest" tests="1" failures="0" timestamp="15 Oct 2018 07:33:49 GMT" time="11.186" errors="0">
  <testcase name="kehuliebiaoo" time="11.186" classname="caiwuguanliModelTest.xiaoshoulirunbaobiaoTest"/>
</testsuite> <!-- caiwuguanliModelTest.xiaoshoulirunbaobiaoTest -->
