<?xml version="1.0" encoding="UTF-8"?>
<!-- Generated by org.testng.reporters.JUnitReportReporter -->
<testsuite hostname="DESKTOP-1KEC5HB" name="xitongguanliModelTest.erweimaxinxiTest" tests="1" failures="0" timestamp="15 Oct 2018 07:33:49 GMT" time="11.222" errors="0">
  <testcase name="kehuliebiaoo" time="11.222" classname="xitongguanliModelTest.erweimaxinxiTest"/>
</testsuite> <!-- xitongguanliModelTest.erweimaxinxiTest -->
