<?xml version="1.0" encoding="UTF-8"?>
<!-- Generated by org.testng.reporters.JUnitReportReporter -->
<testsuite hostname="DESKTOP-1KEC5HB" name="Asseret.api.caigouTest" tests="1" failures="0" timestamp="10 Sep 2018 01:17:47 GMT" time="19.646" errors="0">
  <testcase name="test" time="19.646" classname="Asseret.api.caigouTest"/>
</testsuite> <!-- Asseret.api.caigouTest -->
