<?xml version="1.0" encoding="UTF-8"?>
<!-- Generated by org.testng.reporters.JUnitReportReporter -->
<testsuite hostname="DESKTOP-1KEC5HB" name="gbckTest.shouhuoTest" tests="1" failures="0" timestamp="10 Sep 2018 01:17:47 GMT" time="17.812" errors="0">
  <testcase name="f" time="17.812" classname="gbckTest.shouhuoTest"/>
</testsuite> <!-- gbckTest.shouhuoTest -->
